<?xml version="1.0" encoding="UTF-8"?>
<testsuite xmlns:xsi="http://www.w3.org/2001/XMLSchema-instance" xsi:noNamespaceSchemaLocation="https://maven.apache.org/surefire/maven-surefire-plugin/xsd/surefire-test-report-3.0.xsd" version="3.0" name="com.test.MiniAppTest" time="10.047" tests="25" errors="0" skipped="0" failures="0">
  <properties>
[...]
</properties>
  <testcase name="staticConstants_logFilePath_isExpected" classname="com.test.MiniAppTest" time="0.001"/>
  <testcase name="startServer_whenPortAvailable_printsReadyMessage" classname="com.test.MiniAppTest" time="1.003"/>
  <testcase name="initializeApplication_doesNotThrow" classname="com.test.MiniAppTest" time="0.002"/>
  <testcase name="constructor_defaultConstructor_createsNonNullInstance" classname="com.test.MiniAppTest" time="0.001"/>
  <testcase name="reflection_miniAppHasExpectedStaticFields" classname="com.test.MiniAppTest" time="0.001"/>
  <testcase name="loadConfiguration_outputContainsConfigFilePath" classname="com.test.MiniAppTest" time="0.001"/>
  <testcase name="initializeLogging_printsLoggingMessageOrError" classname="com.test.MiniAppTest" time="0.001"/>
  <testcase name="initializeLogging_outputContainsLogFilePath" classname="com.test.MiniAppTest" time="0.001"/>
  <testcase name="reflection_miniAppHasExpectedPrivateMethods" classname="com.test.MiniAppTest" time="0.001"/>
  <testcase name="loadConfiguration_whenFileNotFound_printsWarning" classname="com.test.MiniAppTest" time="0.0"/>
  <testcase name="startServer_doesNotThrow" classname="com.test.MiniAppTest" time="1.001"/>
  <testcase name="fullFlow_viaMain_completesWithoutUncaughtException" classname="com.test.MiniAppTest" time="1.003"/>
  <testcase name="startServer_printsServerStartedOrError" classname="com.test.MiniAppTest" time="1.002"/>
  <testcase name="startServer_outputContainsServerPort" classname="com.test.MiniAppTest" time="1.002"/>
  <testcase name="loadConfiguration_doesNotThrow" classname="com.test.MiniAppTest" time="0.001"/>
  <testcase name="initializeApplication_triggersLoadConfiguration" classname="com.test.MiniAppTest" time="0.002"/>
  <testcase name="main_outputStartsWithStartingMessage" classname="com.test.MiniAppTest" time="1.002"/>
  <testcase name="staticConstants_configFilePath_isExpected" classname="com.test.MiniAppTest" time="0.0"/>
  <testcase name="constructor_multipleInstances_areIndependent" classname="com.test.MiniAppTest" time="0.0"/>
  <testcase name="main_withEmptyArgs_doesNotThrow" classname="com.test.MiniAppTest" time="1.003"/>
  <testcase name="initializeLogging_doesNotThrow" classname="com.test.MiniAppTest" time="0.001"/>
  <testcase name="staticConstants_serverPort_is8080" classname="com.test.MiniAppTest" time="0.0"/>
  <testcase name="main_withExtraArgs_doesNotThrow" classname="com.test.MiniAppTest" time="1.002"/>
  <testcase name="main_printsStartingMessage" classname="com.test.MiniAppTest" time="1.002"/>
  <testcase name="main_withNullArgs_doesNotThrow" classname="com.test.MiniAppTest" time="1.002"/>
</testsuite>