<?xml version="1.0" encoding="UTF-8"?>
<testsuite xmlns:xsi="http://www.w3.org/2001/XMLSchema-instance" xsi:noNamespaceSchemaLocation="https://maven.apache.org/surefire/maven-surefire-plugin/xsd/surefire-test-report-3.0.xsd" version="3.0" name="com.test.DatabaseServiceTest" time="0.273" tests="5" errors="0" skipped="0" failures="0">
  <properties>
[...]
</properties>
  <testcase name="testConnect_Failure" classname="com.test.DatabaseServiceTest" time="0.243">
    <system-out><![CDATA[Connecting to database...
]]></system-out>
    <system-err><![CDATA[Database connection failed: Communications link failure

The last packet sent successfully to the server was 0 milliseconds ago. The driver has not received any packets from the server.
]]></system-err>
  </testcase>
  <testcase name="testDisconnect_NullConnection" classname="com.test.DatabaseServiceTest" time="0.001"/>
  <testcase name="testExecuteQuery_NullConnection" classname="com.test.DatabaseServiceTest" time="0.001"/>
  <testcase name="testExecuteQuery_ClosedConnection" classname="com.test.DatabaseServiceTest" time="0.0"/>
  <testcase name="testConstructor" classname="com.test.DatabaseServiceTest" time="0.001"/>
</testsuite>