<?xml version="1.0" encoding="UTF-8"?>
<testsuite xmlns:xsi="http://www.w3.org/2001/XMLSchema-instance" xsi:noNamespaceSchemaLocation="https://maven.apache.org/surefire/maven-surefire-plugin/xsd/surefire-test-report-3.0.xsd" version="3.0" name="com.test.DatabaseServiceTest" time="1.785" tests="24" errors="0" skipped="0" failures="0">
  <properties>
[...]
</properties>
  <testcase name="executeQuery_whenConnectionIsNull_producesNoOutput" classname="com.test.DatabaseServiceTest" time="0.881">
    <system-err><![CDATA[WARNING: A Java agent has been loaded dynamically (/app/.m2/repository/net/bytebuddy/byte-buddy-agent/1.14.10/byte-buddy-agent-1.14.10.jar)
WARNING: If a serviceability tool is in use, please run with -XX:+EnableDynamicAgentLoading to hide this warning
WARNING: If a serviceability tool is not in use, please run with -Djdk.instrument.traceUsage for more information
WARNING: Dynamic loading of agents will be disallowed by default in a future release
]]></system-err>
  </testcase>
  <testcase name="connect_withMockedDriverManager_printsRedisCacheMessage" classname="com.test.DatabaseServiceTest" time="0.398"/>
  <testcase name="disconnect_whenConnectionIsNull_producesNoOutput" classname="com.test.DatabaseServiceTest" time="0.004"/>
  <testcase name="executeQuery_withClosedConnection_doesNotExecuteQuery" classname="com.test.DatabaseServiceTest" time="0.007"/>
  <testcase name="connect_always_printsConnectingMessage" classname="com.test.DatabaseServiceTest" time="0.208"/>
  <testcase name="executeQuery_withOpenConnection_setsQueryTimeout" classname="com.test.DatabaseServiceTest" time="0.202"/>
  <testcase name="constructor_default_createsNonNullInstance" classname="com.test.DatabaseServiceTest" time="0.002"/>
  <testcase name="disconnect_withOpenConnection_printsDatabaseConnectionClosed" classname="com.test.DatabaseServiceTest" time="0.004"/>
  <testcase name="disconnect_whenCloseThrowsSQLException_printsErrorMessage" classname="com.test.DatabaseServiceTest" time="0.005"/>
  <testcase name="connect_withMockedDriverManager_usesRootUsername" classname="com.test.DatabaseServiceTest" time="0.003"/>
  <testcase name="connect_withMockedDriverManager_redisMessageContainsExpectedHostAndPort" classname="com.test.DatabaseServiceTest" time="0.002"/>
  <testcase name="executeQuery_whenPrepareStatementThrowsSQLException_printsErrorMessage" classname="com.test.DatabaseServiceTest" time="0.003"/>
  <testcase name="connect_withMockedDriverManager_printsExternalServiceMessages" classname="com.test.DatabaseServiceTest" time="0.002"/>
  <testcase name="connect_withMockedDriverManager_printsSuccessMessages" classname="com.test.DatabaseServiceTest" time="0.002"/>
  <testcase name="executeQuery_withEmptySql_doesNotThrow" classname="com.test.DatabaseServiceTest" time="0.003"/>
  <testcase name="connect_withMockedDriverManager_usesExpectedDbUrl" classname="com.test.DatabaseServiceTest" time="0.002"/>
  <testcase name="connect_whenSQLExceptionThrown_printsErrorMessage" classname="com.test.DatabaseServiceTest" time="0.003"/>
  <testcase name="executeQuery_withOpenConnection_printsExecutingQueryMessage" classname="com.test.DatabaseServiceTest" time="0.003"/>
  <testcase name="disconnect_withAlreadyClosedConnection_doesNotPrintClosedMessage" classname="com.test.DatabaseServiceTest" time="0.003"/>
  <testcase name="executeQuery_whenConnectionIsNull_doesNotThrow" classname="com.test.DatabaseServiceTest" time="0.001"/>
  <testcase name="constructor_multipleInstances_areIndependent" classname="com.test.DatabaseServiceTest" time="0.002"/>
  <testcase name="executeQuery_withOpenConnection_callsExecuteOnStatement" classname="com.test.DatabaseServiceTest" time="0.003"/>
  <testcase name="executeQuery_withNullSql_doesNotThrowNPE" classname="com.test.DatabaseServiceTest" time="0.001"/>
  <testcase name="disconnect_whenConnectionIsNull_doesNotThrow" classname="com.test.DatabaseServiceTest" time="0.001"/>
</testsuite>